<?xml version="1.0" encoding="UTF-8"?>
<!-- Generated by org.testng.reporters.JUnitReportReporter -->
<testsuite hostname="Pranays-MacBook-Pro.local" failures="0" tests="3" name="testing1.LoginTest" time="0.027" errors="0" timestamp="2021-10-07T11:58:54 EDT" skipped="0">
  <testcase classname="testing1.LoginTest" name="f" time="0.015"/>
  <system-out/>
  <testcase classname="testing1.LoginTest" name="f" time="0.011"/>
  <system-out/>
  <testcase classname="testing1.LoginTest" name="f" time="0.001"/>
  <system-out/>
</testsuite> <!-- testing1.LoginTest -->
