<?xml version="1.0" encoding="UTF-8"?>
<!-- Generated by org.testng.reporters.JUnitReportReporter -->
<testsuite hostname="Pranays-MacBook-Pro.local" failures="0" tests="2" name="testing1.NewTest" time="0.008" errors="0" timestamp="2021-09-30T12:28:56 EDT" skipped="0">
  <testcase classname="testing1.NewTest" name="f" time="0.007"/>
  <system-out/>
  <testcase classname="testing1.NewTest" name="f" time="0.001"/>
  <system-out/>
</testsuite> <!-- testing1.NewTest -->
